2022-10-28 11:09:56 | INFO | fairseq.distributed.utils | distributed init (rank 1): tcp://localhost:19549
2022-10-28 11:09:56 | INFO | fairseq.distributed.utils | distributed init (rank 2): tcp://localhost:19549
2022-10-28 11:09:57 | INFO | fairseq.distributed.utils | distributed init (rank 3): tcp://localhost:19549
2022-10-28 11:09:57 | INFO | fairseq.distributed.utils | distributed init (rank 0): tcp://localhost:19549
2022-10-28 11:09:57 | INFO | torch.distributed.distributed_c10d | Added key: store_based_barrier_key:1 to store for rank: 1
2022-10-28 11:09:57 | INFO | torch.distributed.distributed_c10d | Added key: store_based_barrier_key:1 to store for rank: 2
2022-10-28 11:09:58 | INFO | torch.distributed.distributed_c10d | Added key: store_based_barrier_key:1 to store for rank: 3
2022-10-28 11:09:58 | INFO | torch.distributed.distributed_c10d | Added key: store_based_barrier_key:1 to store for rank: 0
2022-10-28 11:09:58 | INFO | torch.distributed.distributed_c10d | Rank 0: Completed store-based barrier for key:store_based_barrier_key:1 with 4 nodes.
2022-10-28 11:09:58 | INFO | fairseq.distributed.utils | initialized host scn5-mn as rank 0
2022-10-28 11:09:58 | INFO | torch.distributed.distributed_c10d | Rank 1: Completed store-based barrier for key:store_based_barrier_key:1 with 4 nodes.
2022-10-28 11:09:58 | INFO | fairseq.distributed.utils | initialized host scn5-mn as rank 1
2022-10-28 11:09:58 | INFO | torch.distributed.distributed_c10d | Rank 3: Completed store-based barrier for key:store_based_barrier_key:1 with 4 nodes.
2022-10-28 11:09:58 | INFO | fairseq.distributed.utils | initialized host scn5-mn as rank 3
2022-10-28 11:09:58 | INFO | torch.distributed.distributed_c10d | Rank 2: Completed store-based barrier for key:store_based_barrier_key:1 with 4 nodes.
2022-10-28 11:09:58 | INFO | fairseq.distributed.utils | initialized host scn5-mn as rank 2
2022-10-28 11:10:09 | INFO | fairseq_cli.train | {'_name': None, 'common': {'_name': None, 'no_progress_bar': False, 'log_interval': 100, 'log_format': None, 'log_file': None, 'aim_repo': None, 'aim_run_hash': None, 'tensorboard_logdir': None, 'wandb_project': 'Indic-En-Distillation', 'azureml_logging': False, 'seed': 1, 'cpu': False, 'tpu': False, 'bf16': False, 'memory_efficient_bf16': False, 'fp16': True, 'memory_efficient_fp16': True, 'fp16_no_flatten_grads': False, 'fp16_init_scale': 128, 'fp16_scale_window': None, 'fp16_scale_tolerance': 0.0, 'on_cpu_convert_precision': False, 'min_loss_scale': 0.0001, 'threshold_loss_scale': None, 'amp': False, 'amp_batch_retries': 2, 'amp_init_scale': 128, 'amp_scale_window': None, 'user_dir': 'indicTrans/model_configs', 'empty_cache_freq': 0, 'all_gather_list_size': 16384, 'model_parallel_size': 1, 'quantization_config_path': None, 'profile': False, 'reset_logging': False, 'suppress_crashes': False, 'use_plasma_view': False, 'plasma_path': '/tmp/plasma'}, 'common_eval': {'_name': None, 'path': None, 'post_process': None, 'quiet': False, 'model_overrides': '{}', 'results_path': None}, 'distributed_training': {'_name': None, 'distributed_world_size': 4, 'distributed_num_procs': 4, 'distributed_rank': 0, 'distributed_backend': 'nccl', 'distributed_init_method': 'tcp://localhost:19549', 'distributed_port': -1, 'device_id': 0, 'distributed_no_spawn': False, 'ddp_backend': 'pytorch_ddp', 'ddp_comm_hook': 'none', 'bucket_cap_mb': 25, 'fix_batches_to_gpus': False, 'find_unused_parameters': False, 'gradient_as_bucket_view': False, 'fast_stat_sync': False, 'heartbeat_timeout': -1, 'broadcast_buffers': False, 'slowmo_momentum': None, 'slowmo_base_algorithm': 'localsgd', 'localsgd_frequency': 3, 'nprocs_per_node': 4, 'pipeline_model_parallel': False, 'pipeline_balance': None, 'pipeline_devices': None, 'pipeline_chunks': 0, 'pipeline_encoder_balance': None, 'pipeline_encoder_devices': None, 'pipeline_decoder_balance': None, 'pipeline_decoder_devices': None, 'pipeline_checkpoint': 'never', 'zero_sharding': 'none', 'fp16': True, 'memory_efficient_fp16': True, 'tpu': False, 'no_reshard_after_forward': False, 'fp32_reduce_scatter': False, 'cpu_offload': False, 'use_sharded_state': False, 'not_fsdp_flatten_parameters': False}, 'dataset': {'_name': None, 'num_workers': 64, 'skip_invalid_size_inputs_valid_test': True, 'max_tokens': 16384, 'batch_size': None, 'required_batch_size_multiple': 8, 'required_seq_len_multiple': 1, 'dataset_impl': None, 'data_buffer_size': 10, 'train_subset': 'train', 'valid_subset': 'valid', 'combine_valid_subsets': None, 'ignore_unused_valid_subsets': False, 'validate_interval': 1, 'validate_interval_updates': 0, 'validate_after_updates': 0, 'fixed_validation_seed': None, 'disable_validation': False, 'max_tokens_valid': 16384, 'batch_size_valid': None, 'max_valid_steps': None, 'curriculum': 0, 'gen_subset': 'test', 'num_shards': 1, 'shard_id': 0, 'grouped_shuffling': False, 'update_epoch_batch_itr': False, 'update_ordered_indices_seed': False}, 'optimization': {'_name': None, 'max_epoch': 0, 'max_update': 1000000, 'stop_time_hours': 0.0, 'clip_norm': 1.0, 'sentence_avg': False, 'update_freq': [1], 'lr': [0.0005], 'stop_min_lr': -1.0, 'use_bmuf': False, 'skip_remainder_batch': False}, 'checkpoint': {'_name': None, 'save_dir': 'checkpoints/distil', 'restore_file': 'checkpoint_last.pt', 'continue_once': None, 'finetune_from_model': None, 'reset_dataloader': False, 'reset_lr_scheduler': False, 'reset_meters': False, 'reset_optimizer': False, 'optimizer_overrides': '{}', 'save_interval': 1, 'save_interval_updates': 0, 'keep_interval_updates': -1, 'keep_interval_updates_pattern': -1, 'keep_last_epochs': 1, 'keep_best_checkpoints': -1, 'no_save': False, 'no_epoch_checkpoints': False, 'no_last_checkpoints': False, 'no_save_optimizer_state': False, 'best_checkpoint_metric': 'loss', 'maximize_best_checkpoint_metric': False, 'patience': 5, 'checkpoint_suffix': '', 'checkpoint_shard_count': 1, 'load_checkpoint_on_all_dp_ranks': False, 'write_checkpoints_asynchronously': False, 'model_parallel_size': 1}, 'bmuf': {'_name': None, 'block_lr': 1.0, 'block_momentum': 0.875, 'global_sync_iter': 50, 'warmup_iterations': 500, 'use_nbm': False, 'average_sync': False, 'distributed_world_size': 4}, 'generation': {'_name': None, 'beam': 5, 'beam_mt': 0, 'nbest': 1, 'max_len_a': 0.0, 'max_len_b': 200, 'max_len_a_mt': 0.0, 'max_len_b_mt': 200, 'min_len': 1, 'match_source_len': False, 'unnormalized': False, 'no_early_stop': False, 'no_beamable_mm': False, 'lenpen': 1.0, 'lenpen_mt': 1.0, 'unkpen': 0.0, 'replace_unk': None, 'sacrebleu': False, 'score_reference': False, 'prefix_size': 0, 'no_repeat_ngram_size': 0, 'sampling': False, 'sampling_topk': -1, 'sampling_topp': -1.0, 'constraints': None, 'temperature': 1.0, 'diverse_beam_groups': -1, 'diverse_beam_strength': 0.5, 'diversity_rate': -1.0, 'print_alignment': None, 'print_step': False, 'lm_path': None, 'lm_weight': 0.0, 'iter_decode_eos_penalty': 0.0, 'iter_decode_max_iter': 10, 'iter_decode_force_max_iter': False, 'iter_decode_with_beam': 1, 'iter_decode_with_external_reranker': False, 'retain_iter_history': False, 'retain_dropout': False, 'retain_dropout_modules': None, 'decoding_format': None, 'no_seed_provided': False, 'eos_token': None}, 'eval_lm': {'_name': None, 'output_word_probs': False, 'output_word_stats': False, 'context_window': 0, 'softmax_batch': 9223372036854775807}, 'interactive': {'_name': None, 'buffer_size': 0, 'input': '-'}, 'model': Namespace(no_progress_bar=False, log_interval=100, log_format=None, log_file=None, aim_repo=None, aim_run_hash=None, tensorboard_logdir=None, wandb_project='Indic-En-Distillation', azureml_logging=False, seed=1, cpu=False, tpu=False, bf16=False, memory_efficient_bf16=False, fp16=True, memory_efficient_fp16=True, fp16_no_flatten_grads=False, fp16_init_scale=128, fp16_scale_window=None, fp16_scale_tolerance=0.0, on_cpu_convert_precision=False, min_loss_scale=0.0001, threshold_loss_scale=None, amp=False, amp_batch_retries=2, amp_init_scale=128, amp_scale_window=None, user_dir='indicTrans/model_configs', empty_cache_freq=0, all_gather_list_size=16384, model_parallel_size=1, quantization_config_path=None, profile=False, reset_logging=False, suppress_crashes=False, use_plasma_view=False, plasma_path='/tmp/plasma', criterion='label_smoothed_cross_entropy_with_kd', tokenizer=None, bpe=None, optimizer='adam', lr_scheduler='inverse_sqrt', scoring='bleu', task='translation', num_workers=64, skip_invalid_size_inputs_valid_test=True, max_tokens=16384, batch_size=None, required_batch_size_multiple=8, required_seq_len_multiple=1, dataset_impl=None, data_buffer_size=10, train_subset='train', valid_subset='valid', combine_valid_subsets=None, ignore_unused_valid_subsets=False, validate_interval=1, validate_interval_updates=0, validate_after_updates=0, fixed_validation_seed=None, disable_validation=False, max_tokens_valid=16384, batch_size_valid=None, max_valid_steps=None, curriculum=0, gen_subset='test', num_shards=1, shard_id=0, grouped_shuffling=False, update_epoch_batch_itr=False, update_ordered_indices_seed=False, distributed_world_size=4, distributed_num_procs=4, distributed_rank=0, distributed_backend='nccl', distributed_init_method=None, distributed_port=-1, device_id=0, distributed_no_spawn=False, ddp_backend='pytorch_ddp', ddp_comm_hook='none', bucket_cap_mb=25, fix_batches_to_gpus=False, find_unused_parameters=False, gradient_as_bucket_view=False, fast_stat_sync=False, heartbeat_timeout=-1, broadcast_buffers=False, slowmo_momentum=None, slowmo_base_algorithm='localsgd', localsgd_frequency=3, nprocs_per_node=4, pipeline_model_parallel=False, pipeline_balance=None, pipeline_devices=None, pipeline_chunks=0, pipeline_encoder_balance=None, pipeline_encoder_devices=None, pipeline_decoder_balance=None, pipeline_decoder_devices=None, pipeline_checkpoint='never', zero_sharding='none', no_reshard_after_forward=False, fp32_reduce_scatter=False, cpu_offload=False, use_sharded_state=False, not_fsdp_flatten_parameters=False, arch='transformer', max_epoch=0, max_update=1000000, stop_time_hours=0, clip_norm=1.0, sentence_avg=False, update_freq=[1], lr=[0.0005], stop_min_lr=-1.0, use_bmuf=False, skip_remainder_batch=False, save_dir='checkpoints/distil', restore_file='checkpoint_last.pt', continue_once=None, finetune_from_model=None, reset_dataloader=False, reset_lr_scheduler=False, reset_meters=False, reset_optimizer=False, optimizer_overrides='{}', save_interval=1, save_interval_updates=0, keep_interval_updates=-1, keep_interval_updates_pattern=-1, keep_last_epochs=1, keep_best_checkpoints=-1, no_save=False, no_epoch_checkpoints=False, no_last_checkpoints=False, no_save_optimizer_state=False, best_checkpoint_metric='loss', maximize_best_checkpoint_metric=False, patience=5, checkpoint_suffix='', checkpoint_shard_count=1, load_checkpoint_on_all_dp_ranks=False, write_checkpoints_asynchronously=False, store_ema=False, ema_decay=0.9999, ema_start_update=0, ema_seed_model=None, ema_update_freq=1, ema_fp32=False, data='indic-en-exp/final_bin', source_lang='SRC', target_lang='TGT', load_alignments=False, left_pad_source=True, left_pad_target=False, upsample_primary=-1, truncate_source=False, num_batch_buckets=0, eval_bleu=False, eval_bleu_args='{}', eval_bleu_detok='space', eval_bleu_detok_args='{}', eval_tokenized_bleu=False, eval_bleu_remove_bpe=None, eval_bleu_print_samples=False, kd_strategy='word_and_seq_level', teacher_checkpoint_path='checkpoints/indicTrans/checkpoint_best.pt', label_smoothing=0.1, report_accuracy=False, ignore_prefix_size=0, kd_rate=None, kd_queue_size=20000, student_temp=1, teacher_temp=1, alpha=0.5, use_adaptive_weightage=False, adaptive_smoothing=None, use_adaptive_kd_rates=False, kd_selection_temp=None, adam_betas='(0.9, 0.98)', adam_eps=1e-08, weight_decay=0.0, use_old_adam=False, fp16_adam_stats=False, warmup_updates=4000, warmup_init_lr=1e-07, pad=1, eos=2, unk=3, max_source_positions=210, max_target_positions=210, activation_fn='gelu', layernorm_embedding=True, decoder_normalize_before=True, encoder_normalize_before=True, dropout=0.2, no_seed_provided=False, encoder_embed_path=None, encoder_embed_dim=512, encoder_ffn_embed_dim=2048, encoder_layers=6, encoder_attention_heads=8, encoder_learned_pos=False, decoder_embed_path=None, decoder_embed_dim=512, decoder_ffn_embed_dim=2048, decoder_layers=6, decoder_attention_heads=8, decoder_learned_pos=False, attention_dropout=0.0, activation_dropout=0.0, adaptive_softmax_cutoff=None, adaptive_softmax_dropout=0, share_decoder_input_output_embed=False, share_all_embeddings=False, merge_src_tgt_embed=False, no_token_positional_embeddings=False, adaptive_input=False, no_cross_attention=False, cross_self_attention=False, decoder_output_dim=512, decoder_input_dim=512, no_scale_embedding=False, tie_adaptive_weights=False, checkpoint_activations=False, offload_activations=False, encoder_layers_to_keep=None, decoder_layers_to_keep=None, encoder_layerdrop=0, decoder_layerdrop=0, quant_noise_pq=0, quant_noise_pq_block_size=8, quant_noise_scalar=0, _name='transformer'), 'task': {'_name': 'translation', 'data': 'indic-en-exp/final_bin', 'source_lang': 'SRC', 'target_lang': 'TGT', 'load_alignments': False, 'left_pad_source': True, 'left_pad_target': False, 'max_source_positions': 210, 'max_target_positions': 210, 'upsample_primary': -1, 'truncate_source': False, 'num_batch_buckets': 0, 'train_subset': 'train', 'dataset_impl': None, 'required_seq_len_multiple': 1, 'eval_bleu': False, 'eval_bleu_args': '{}', 'eval_bleu_detok': 'space', 'eval_bleu_detok_args': '{}', 'eval_tokenized_bleu': False, 'eval_bleu_remove_bpe': None, 'eval_bleu_print_samples': False, 'kd_strategy': 'word_and_seq_level', 'teacher_checkpoint_path': 'checkpoints/indicTrans/checkpoint_best.pt'}, 'criterion': {'_name': 'label_smoothed_cross_entropy_with_kd', 'label_smoothing': 0.1, 'report_accuracy': False, 'ignore_prefix_size': 0, 'kd_rate': None, 'kd_queue_size': 20000, 'student_temp': 1.0, 'teacher_temp': 1.0, 'alpha': 0.5, 'use_adaptive_weightage': False, 'adaptive_smoothing': None, 'use_adaptive_kd_rates': False, 'kd_selection_temp': None, 'sentence_avg': False}, 'optimizer': {'_name': 'adam', 'adam_betas': '(0.9, 0.98)', 'adam_eps': 1e-08, 'weight_decay': 0.0, 'use_old_adam': False, 'fp16_adam_stats': False, 'tpu': False, 'lr': [0.0005]}, 'lr_scheduler': {'_name': 'inverse_sqrt', 'warmup_updates': 4000, 'warmup_init_lr': 1e-07, 'lr': [0.0005]}, 'scoring': {'_name': 'bleu', 'pad': 1, 'eos': 2, 'unk': 3}, 'bpe': None, 'tokenizer': None, 'ema': {'_name': None, 'store_ema': False, 'ema_decay': 0.9999, 'ema_start_update': 0, 'ema_seed_model': None, 'ema_update_freq': 1, 'ema_fp32': False}}
2022-10-28 11:10:09 | INFO | fairseq.tasks.translation | [SRC] dictionary: 35904 types
2022-10-28 11:10:09 | INFO | fairseq.tasks.translation | [TGT] dictionary: 32088 types
2022-10-28 11:10:12 | INFO | fairseq_cli.train | TransformerModel(
  (encoder): TransformerEncoderBase(
    (dropout_module): FairseqDropout()
    (embed_tokens): Embedding(35904, 512, padding_idx=1)
    (embed_positions): SinusoidalPositionalEmbedding()
    (layernorm_embedding): FusedLayerNorm(torch.Size([512]), eps=1e-05, elementwise_affine=True)
    (layers): ModuleList(
      (0): TransformerEncoderLayerBase(
        (self_attn): MultiheadAttention(
          (dropout_module): FairseqDropout()
          (k_proj): Linear(in_features=512, out_features=512, bias=True)
          (v_proj): Linear(in_features=512, out_features=512, bias=True)
          (q_proj): Linear(in_features=512, out_features=512, bias=True)
          (out_proj): Linear(in_features=512, out_features=512, bias=True)
        )
        (self_attn_layer_norm): FusedLayerNorm(torch.Size([512]), eps=1e-05, elementwise_affine=True)
        (dropout_module): FairseqDropout()
        (activation_dropout_module): FairseqDropout()
        (fc1): Linear(in_features=512, out_features=2048, bias=True)
        (fc2): Linear(in_features=2048, out_features=512, bias=True)
        (final_layer_norm): FusedLayerNorm(torch.Size([512]), eps=1e-05, elementwise_affine=True)
      )
      (1): TransformerEncoderLayerBase(
        (self_attn): MultiheadAttention(
          (dropout_module): FairseqDropout()
          (k_proj): Linear(in_features=512, out_features=512, bias=True)
          (v_proj): Linear(in_features=512, out_features=512, bias=True)
          (q_proj): Linear(in_features=512, out_features=512, bias=True)
          (out_proj): Linear(in_features=512, out_features=512, bias=True)
        )
        (self_attn_layer_norm): FusedLayerNorm(torch.Size([512]), eps=1e-05, elementwise_affine=True)
        (dropout_module): FairseqDropout()
        (activation_dropout_module): FairseqDropout()
        (fc1): Linear(in_features=512, out_features=2048, bias=True)
        (fc2): Linear(in_features=2048, out_features=512, bias=True)
        (final_layer_norm): FusedLayerNorm(torch.Size([512]), eps=1e-05, elementwise_affine=True)
      )
      (2): TransformerEncoderLayerBase(
        (self_attn): MultiheadAttention(
          (dropout_module): FairseqDropout()
          (k_proj): Linear(in_features=512, out_features=512, bias=True)
          (v_proj): Linear(in_features=512, out_features=512, bias=True)
          (q_proj): Linear(in_features=512, out_features=512, bias=True)
          (out_proj): Linear(in_features=512, out_features=512, bias=True)
        )
        (self_attn_layer_norm): FusedLayerNorm(torch.Size([512]), eps=1e-05, elementwise_affine=True)
        (dropout_module): FairseqDropout()
        (activation_dropout_module): FairseqDropout()
        (fc1): Linear(in_features=512, out_features=2048, bias=True)
        (fc2): Linear(in_features=2048, out_features=512, bias=True)
        (final_layer_norm): FusedLayerNorm(torch.Size([512]), eps=1e-05, elementwise_affine=True)
      )
      (3): TransformerEncoderLayerBase(
        (self_attn): MultiheadAttention(
          (dropout_module): FairseqDropout()
          (k_proj): Linear(in_features=512, out_features=512, bias=True)
          (v_proj): Linear(in_features=512, out_features=512, bias=True)
          (q_proj): Linear(in_features=512, out_features=512, bias=True)
          (out_proj): Linear(in_features=512, out_features=512, bias=True)
        )
        (self_attn_layer_norm): FusedLayerNorm(torch.Size([512]), eps=1e-05, elementwise_affine=True)
        (dropout_module): FairseqDropout()
        (activation_dropout_module): FairseqDropout()
        (fc1): Linear(in_features=512, out_features=2048, bias=True)
        (fc2): Linear(in_features=2048, out_features=512, bias=True)
        (final_layer_norm): FusedLayerNorm(torch.Size([512]), eps=1e-05, elementwise_affine=True)
      )
      (4): TransformerEncoderLayerBase(
        (self_attn): MultiheadAttention(
          (dropout_module): FairseqDropout()
          (k_proj): Linear(in_features=512, out_features=512, bias=True)
          (v_proj): Linear(in_features=512, out_features=512, bias=True)
          (q_proj): Linear(in_features=512, out_features=512, bias=True)
          (out_proj): Linear(in_features=512, out_features=512, bias=True)
        )
        (self_attn_layer_norm): FusedLayerNorm(torch.Size([512]), eps=1e-05, elementwise_affine=True)
        (dropout_module): FairseqDropout()
        (activation_dropout_module): FairseqDropout()
        (fc1): Linear(in_features=512, out_features=2048, bias=True)
        (fc2): Linear(in_features=2048, out_features=512, bias=True)
        (final_layer_norm): FusedLayerNorm(torch.Size([512]), eps=1e-05, elementwise_affine=True)
      )
      (5): TransformerEncoderLayerBase(
        (self_attn): MultiheadAttention(
          (dropout_module): FairseqDropout()
          (k_proj): Linear(in_features=512, out_features=512, bias=True)
          (v_proj): Linear(in_features=512, out_features=512, bias=True)
          (q_proj): Linear(in_features=512, out_features=512, bias=True)
          (out_proj): Linear(in_features=512, out_features=512, bias=True)
        )
        (self_attn_layer_norm): FusedLayerNorm(torch.Size([512]), eps=1e-05, elementwise_affine=True)
        (dropout_module): FairseqDropout()
        (activation_dropout_module): FairseqDropout()
        (fc1): Linear(in_features=512, out_features=2048, bias=True)
        (fc2): Linear(in_features=2048, out_features=512, bias=True)
        (final_layer_norm): FusedLayerNorm(torch.Size([512]), eps=1e-05, elementwise_affine=True)
      )
    )
    (layer_norm): FusedLayerNorm(torch.Size([512]), eps=1e-05, elementwise_affine=True)
  )
  (decoder): TransformerDecoderBase(
    (dropout_module): FairseqDropout()
    (embed_tokens): Embedding(32088, 512, padding_idx=1)
    (embed_positions): SinusoidalPositionalEmbedding()
    (layernorm_embedding): FusedLayerNorm(torch.Size([512]), eps=1e-05, elementwise_affine=True)
    (layers): ModuleList(
      (0): TransformerDecoderLayerBase(
        (dropout_module): FairseqDropout()
        (self_attn): MultiheadAttention(
          (dropout_module): FairseqDropout()
          (k_proj): Linear(in_features=512, out_features=512, bias=True)
          (v_proj): Linear(in_features=512, out_features=512, bias=True)
          (q_proj): Linear(in_features=512, out_features=512, bias=True)
          (out_proj): Linear(in_features=512, out_features=512, bias=True)
        )
        (activation_dropout_module): FairseqDropout()
        (self_attn_layer_norm): FusedLayerNorm(torch.Size([512]), eps=1e-05, elementwise_affine=True)
        (encoder_attn): MultiheadAttention(
          (dropout_module): FairseqDropout()
          (k_proj): Linear(in_features=512, out_features=512, bias=True)
          (v_proj): Linear(in_features=512, out_features=512, bias=True)
          (q_proj): Linear(in_features=512, out_features=512, bias=True)
          (out_proj): Linear(in_features=512, out_features=512, bias=True)
        )
        (encoder_attn_layer_norm): FusedLayerNorm(torch.Size([512]), eps=1e-05, elementwise_affine=True)
        (fc1): Linear(in_features=512, out_features=2048, bias=True)
        (fc2): Linear(in_features=2048, out_features=512, bias=True)
        (final_layer_norm): FusedLayerNorm(torch.Size([512]), eps=1e-05, elementwise_affine=True)
      )
      (1): TransformerDecoderLayerBase(
        (dropout_module): FairseqDropout()
        (self_attn): MultiheadAttention(
          (dropout_module): FairseqDropout()
          (k_proj): Linear(in_features=512, out_features=512, bias=True)
          (v_proj): Linear(in_features=512, out_features=512, bias=True)
          (q_proj): Linear(in_features=512, out_features=512, bias=True)
          (out_proj): Linear(in_features=512, out_features=512, bias=True)
        )
        (activation_dropout_module): FairseqDropout()
        (self_attn_layer_norm): FusedLayerNorm(torch.Size([512]), eps=1e-05, elementwise_affine=True)
        (encoder_attn): MultiheadAttention(
          (dropout_module): FairseqDropout()
          (k_proj): Linear(in_features=512, out_features=512, bias=True)
          (v_proj): Linear(in_features=512, out_features=512, bias=True)
          (q_proj): Linear(in_features=512, out_features=512, bias=True)
          (out_proj): Linear(in_features=512, out_features=512, bias=True)
        )
        (encoder_attn_layer_norm): FusedLayerNorm(torch.Size([512]), eps=1e-05, elementwise_affine=True)
        (fc1): Linear(in_features=512, out_features=2048, bias=True)
        (fc2): Linear(in_features=2048, out_features=512, bias=True)
        (final_layer_norm): FusedLayerNorm(torch.Size([512]), eps=1e-05, elementwise_affine=True)
      )
      (2): TransformerDecoderLayerBase(
        (dropout_module): FairseqDropout()
        (self_attn): MultiheadAttention(
          (dropout_module): FairseqDropout()
          (k_proj): Linear(in_features=512, out_features=512, bias=True)
          (v_proj): Linear(in_features=512, out_features=512, bias=True)
          (q_proj): Linear(in_features=512, out_features=512, bias=True)
          (out_proj): Linear(in_features=512, out_features=512, bias=True)
        )
        (activation_dropout_module): FairseqDropout()
        (self_attn_layer_norm): FusedLayerNorm(torch.Size([512]), eps=1e-05, elementwise_affine=True)
        (encoder_attn): MultiheadAttention(
          (dropout_module): FairseqDropout()
          (k_proj): Linear(in_features=512, out_features=512, bias=True)
          (v_proj): Linear(in_features=512, out_features=512, bias=True)
          (q_proj): Linear(in_features=512, out_features=512, bias=True)
          (out_proj): Linear(in_features=512, out_features=512, bias=True)
        )
        (encoder_attn_layer_norm): FusedLayerNorm(torch.Size([512]), eps=1e-05, elementwise_affine=True)
        (fc1): Linear(in_features=512, out_features=2048, bias=True)
        (fc2): Linear(in_features=2048, out_features=512, bias=True)
        (final_layer_norm): FusedLayerNorm(torch.Size([512]), eps=1e-05, elementwise_affine=True)
      )
      (3): TransformerDecoderLayerBase(
        (dropout_module): FairseqDropout()
        (self_attn): MultiheadAttention(
          (dropout_module): FairseqDropout()
          (k_proj): Linear(in_features=512, out_features=512, bias=True)
          (v_proj): Linear(in_features=512, out_features=512, bias=True)
          (q_proj): Linear(in_features=512, out_features=512, bias=True)
          (out_proj): Linear(in_features=512, out_features=512, bias=True)
        )
        (activation_dropout_module): FairseqDropout()
        (self_attn_layer_norm): FusedLayerNorm(torch.Size([512]), eps=1e-05, elementwise_affine=True)
        (encoder_attn): MultiheadAttention(
          (dropout_module): FairseqDropout()
          (k_proj): Linear(in_features=512, out_features=512, bias=True)
          (v_proj): Linear(in_features=512, out_features=512, bias=True)
          (q_proj): Linear(in_features=512, out_features=512, bias=True)
          (out_proj): Linear(in_features=512, out_features=512, bias=True)
        )
        (encoder_attn_layer_norm): FusedLayerNorm(torch.Size([512]), eps=1e-05, elementwise_affine=True)
        (fc1): Linear(in_features=512, out_features=2048, bias=True)
        (fc2): Linear(in_features=2048, out_features=512, bias=True)
        (final_layer_norm): FusedLayerNorm(torch.Size([512]), eps=1e-05, elementwise_affine=True)
      )
      (4): TransformerDecoderLayerBase(
        (dropout_module): FairseqDropout()
        (self_attn): MultiheadAttention(
          (dropout_module): FairseqDropout()
          (k_proj): Linear(in_features=512, out_features=512, bias=True)
          (v_proj): Linear(in_features=512, out_features=512, bias=True)
          (q_proj): Linear(in_features=512, out_features=512, bias=True)
          (out_proj): Linear(in_features=512, out_features=512, bias=True)
        )
        (activation_dropout_module): FairseqDropout()
        (self_attn_layer_norm): FusedLayerNorm(torch.Size([512]), eps=1e-05, elementwise_affine=True)
        (encoder_attn): MultiheadAttention(
          (dropout_module): FairseqDropout()
          (k_proj): Linear(in_features=512, out_features=512, bias=True)
          (v_proj): Linear(in_features=512, out_features=512, bias=True)
          (q_proj): Linear(in_features=512, out_features=512, bias=True)
          (out_proj): Linear(in_features=512, out_features=512, bias=True)
        )
        (encoder_attn_layer_norm): FusedLayerNorm(torch.Size([512]), eps=1e-05, elementwise_affine=True)
        (fc1): Linear(in_features=512, out_features=2048, bias=True)
        (fc2): Linear(in_features=2048, out_features=512, bias=True)
        (final_layer_norm): FusedLayerNorm(torch.Size([512]), eps=1e-05, elementwise_affine=True)
      )
      (5): TransformerDecoderLayerBase(
        (dropout_module): FairseqDropout()
        (self_attn): MultiheadAttention(
          (dropout_module): FairseqDropout()
          (k_proj): Linear(in_features=512, out_features=512, bias=True)
          (v_proj): Linear(in_features=512, out_features=512, bias=True)
          (q_proj): Linear(in_features=512, out_features=512, bias=True)
          (out_proj): Linear(in_features=512, out_features=512, bias=True)
        )
        (activation_dropout_module): FairseqDropout()
        (self_attn_layer_norm): FusedLayerNorm(torch.Size([512]), eps=1e-05, elementwise_affine=True)
        (encoder_attn): MultiheadAttention(
          (dropout_module): FairseqDropout()
          (k_proj): Linear(in_features=512, out_features=512, bias=True)
          (v_proj): Linear(in_features=512, out_features=512, bias=True)
          (q_proj): Linear(in_features=512, out_features=512, bias=True)
          (out_proj): Linear(in_features=512, out_features=512, bias=True)
        )
        (encoder_attn_layer_norm): FusedLayerNorm(torch.Size([512]), eps=1e-05, elementwise_affine=True)
        (fc1): Linear(in_features=512, out_features=2048, bias=True)
        (fc2): Linear(in_features=2048, out_features=512, bias=True)
        (final_layer_norm): FusedLayerNorm(torch.Size([512]), eps=1e-05, elementwise_affine=True)
      )
    )
    (layer_norm): FusedLayerNorm(torch.Size([512]), eps=1e-05, elementwise_affine=True)
    (output_projection): Linear(in_features=512, out_features=32088, bias=False)
  )
)
2022-10-28 11:10:12 | INFO | fairseq_cli.train | task: TranslationTask
2022-10-28 11:10:12 | INFO | fairseq_cli.train | model: TransformerModel
2022-10-28 11:10:12 | INFO | fairseq_cli.train | criterion: KDLabelSmoothedCrossEntropyCriterion
2022-10-28 11:10:12 | INFO | fairseq_cli.train | num. shared model params: 95,383,552 (num. trained: 95,383,552)
2022-10-28 11:10:12 | INFO | fairseq_cli.train | num. expert model params: 0 (num. trained: 0)
2022-10-28 11:10:12 | INFO | fairseq.data.data_utils | loaded 78,941 examples from: indic-en-exp/final_bin/valid.SRC-TGT.SRC
2022-10-28 11:10:12 | INFO | fairseq.data.data_utils | loaded 78,941 examples from: indic-en-exp/final_bin/valid.SRC-TGT.TGT
2022-10-28 11:10:12 | INFO | fairseq.tasks.translation | indic-en-exp/final_bin valid SRC-TGT 78941 examples
2022-10-28 11:10:17 | INFO | torch.distributed.distributed_c10d | Added key: store_based_barrier_key:2 to store for rank: 0
2022-10-28 11:10:19 | INFO | torch.distributed.distributed_c10d | Rank 0: Completed store-based barrier for key:store_based_barrier_key:2 with 4 nodes.
2022-10-28 11:10:21 | INFO | fairseq.utils | ***********************CUDA enviroments for all 4 workers***********************
2022-10-28 11:10:21 | INFO | fairseq.utils | rank   0: capabilities =  8.0  ; total memory = 39.587 GB ; name = A100-SXM4-40GB                          
2022-10-28 11:10:21 | INFO | fairseq.utils | rank   1: capabilities =  8.0  ; total memory = 39.587 GB ; name = A100-SXM4-40GB                          
2022-10-28 11:10:21 | INFO | fairseq.utils | rank   2: capabilities =  8.0  ; total memory = 39.587 GB ; name = A100-SXM4-40GB                          
2022-10-28 11:10:21 | INFO | fairseq.utils | rank   3: capabilities =  8.0  ; total memory = 39.587 GB ; name = A100-SXM4-40GB                          
2022-10-28 11:10:21 | INFO | fairseq.utils | ***********************CUDA enviroments for all 4 workers***********************
2022-10-28 11:10:21 | INFO | fairseq_cli.train | training on 4 devices (GPUs/TPUs)
2022-10-28 11:10:21 | INFO | fairseq_cli.train | max tokens per device = 16384 and max sentences per device = None
2022-10-28 11:10:21 | INFO | fairseq.trainer | Preparing to load checkpoint checkpoints/distil/checkpoint_last.pt
2022-10-28 11:10:21 | INFO | fairseq.trainer | No existing checkpoint found checkpoints/distil/checkpoint_last.pt
2022-10-28 11:10:21 | INFO | fairseq.trainer | loading train data for epoch 1
2022-10-28 11:10:24 | INFO | fairseq.data.data_utils | loaded 49,772,565 examples from: indic-en-exp/final_bin/train.SRC-TGT.SRC
2022-10-28 11:10:27 | INFO | fairseq.data.data_utils | loaded 49,772,565 examples from: indic-en-exp/final_bin/train.SRC-TGT.TGT
2022-10-28 11:10:27 | INFO | fairseq.tasks.translation | indic-en-exp/final_bin train SRC-TGT 49772565 examples
2022-10-28 11:10:42 | WARNING | fairseq.tasks.fairseq_task | 11,612 samples have invalid sizes and will be skipped, max_positions=(210, 210), first few sample ids=[38134819, 6246747, 2525593, 1919047, 33622048, 7799562, 4508869, 12466026, 14778728, 20258840]
2022-10-28 11:10:43 | WARNING | fairseq.tasks.fairseq_task | 11,612 samples have invalid sizes and will be skipped, max_positions=(210, 210), first few sample ids=[38134819, 6246747, 2525593, 1919047, 33622048, 7799562, 4508869, 12466026, 14778728, 20258840]
2022-10-28 11:10:43 | WARNING | fairseq.tasks.fairseq_task | 11,612 samples have invalid sizes and will be skipped, max_positions=(210, 210), first few sample ids=[38134819, 6246747, 2525593, 1919047, 33622048, 7799562, 4508869, 12466026, 14778728, 20258840]
2022-10-28 11:10:43 | WARNING | fairseq.tasks.fairseq_task | 11,612 samples have invalid sizes and will be skipped, max_positions=(210, 210), first few sample ids=[38134819, 6246747, 2525593, 1919047, 33622048, 7799562, 4508869, 12466026, 14778728, 20258840]
2022-10-28 11:10:45 | INFO | fairseq.optim.adam | using FusedAdam
2022-10-28 11:11:15 | INFO | fairseq_cli.train | loaded teacher model TransformerModel(
  (encoder): TransformerEncoderBase(
    (dropout_module): FairseqDropout()
    (embed_tokens): Embedding(35904, 1536, padding_idx=1)
    (embed_positions): SinusoidalPositionalEmbedding()
    (layers): ModuleList(
      (0): TransformerEncoderLayerBase(
        (self_attn): MultiheadAttention(
          (dropout_module): FairseqDropout()
          (k_proj): Linear(in_features=1536, out_features=1536, bias=True)
          (v_proj): Linear(in_features=1536, out_features=1536, bias=True)
          (q_proj): Linear(in_features=1536, out_features=1536, bias=True)
          (out_proj): Linear(in_features=1536, out_features=1536, bias=True)
        )
        (self_attn_layer_norm): FusedLayerNorm(torch.Size([1536]), eps=1e-05, elementwise_affine=True)
        (dropout_module): FairseqDropout()
        (activation_dropout_module): FairseqDropout()
        (fc1): Linear(in_features=1536, out_features=4096, bias=True)
        (fc2): Linear(in_features=4096, out_features=1536, bias=True)
        (final_layer_norm): FusedLayerNorm(torch.Size([1536]), eps=1e-05, elementwise_affine=True)
      )
      (1): TransformerEncoderLayerBase(
        (self_attn): MultiheadAttention(
          (dropout_module): FairseqDropout()
          (k_proj): Linear(in_features=1536, out_features=1536, bias=True)
          (v_proj): Linear(in_features=1536, out_features=1536, bias=True)
          (q_proj): Linear(in_features=1536, out_features=1536, bias=True)
          (out_proj): Linear(in_features=1536, out_features=1536, bias=True)
        )
        (self_attn_layer_norm): FusedLayerNorm(torch.Size([1536]), eps=1e-05, elementwise_affine=True)
        (dropout_module): FairseqDropout()
        (activation_dropout_module): FairseqDropout()
        (fc1): Linear(in_features=1536, out_features=4096, bias=True)
        (fc2): Linear(in_features=4096, out_features=1536, bias=True)
        (final_layer_norm): FusedLayerNorm(torch.Size([1536]), eps=1e-05, elementwise_affine=True)
      )
      (2): TransformerEncoderLayerBase(
        (self_attn): MultiheadAttention(
          (dropout_module): FairseqDropout()
          (k_proj): Linear(in_features=1536, out_features=1536, bias=True)
          (v_proj): Linear(in_features=1536, out_features=1536, bias=True)
          (q_proj): Linear(in_features=1536, out_features=1536, bias=True)
          (out_proj): Linear(in_features=1536, out_features=1536, bias=True)
        )
        (self_attn_layer_norm): FusedLayerNorm(torch.Size([1536]), eps=1e-05, elementwise_affine=True)
        (dropout_module): FairseqDropout()
        (activation_dropout_module): FairseqDropout()
        (fc1): Linear(in_features=1536, out_features=4096, bias=True)
        (fc2): Linear(in_features=4096, out_features=1536, bias=True)
        (final_layer_norm): FusedLayerNorm(torch.Size([1536]), eps=1e-05, elementwise_affine=True)
      )
      (3): TransformerEncoderLayerBase(
        (self_attn): MultiheadAttention(
          (dropout_module): FairseqDropout()
          (k_proj): Linear(in_features=1536, out_features=1536, bias=True)
          (v_proj): Linear(in_features=1536, out_features=1536, bias=True)
          (q_proj): Linear(in_features=1536, out_features=1536, bias=True)
          (out_proj): Linear(in_features=1536, out_features=1536, bias=True)
        )
        (self_attn_layer_norm): FusedLayerNorm(torch.Size([1536]), eps=1e-05, elementwise_affine=True)
        (dropout_module): FairseqDropout()
        (activation_dropout_module): FairseqDropout()
        (fc1): Linear(in_features=1536, out_features=4096, bias=True)
        (fc2): Linear(in_features=4096, out_features=1536, bias=True)
        (final_layer_norm): FusedLayerNorm(torch.Size([1536]), eps=1e-05, elementwise_affine=True)
      )
      (4): TransformerEncoderLayerBase(
        (self_attn): MultiheadAttention(
          (dropout_module): FairseqDropout()
          (k_proj): Linear(in_features=1536, out_features=1536, bias=True)
          (v_proj): Linear(in_features=1536, out_features=1536, bias=True)
          (q_proj): Linear(in_features=1536, out_features=1536, bias=True)
          (out_proj): Linear(in_features=1536, out_features=1536, bias=True)
        )
        (self_attn_layer_norm): FusedLayerNorm(torch.Size([1536]), eps=1e-05, elementwise_affine=True)
        (dropout_module): FairseqDropout()
        (activation_dropout_module): FairseqDropout()
        (fc1): Linear(in_features=1536, out_features=4096, bias=True)
        (fc2): Linear(in_features=4096, out_features=1536, bias=True)
        (final_layer_norm): FusedLayerNorm(torch.Size([1536]), eps=1e-05, elementwise_affine=True)
      )
      (5): TransformerEncoderLayerBase(
        (self_attn): MultiheadAttention(
          (dropout_module): FairseqDropout()
          (k_proj): Linear(in_features=1536, out_features=1536, bias=True)
          (v_proj): Linear(in_features=1536, out_features=1536, bias=True)
          (q_proj): Linear(in_features=1536, out_features=1536, bias=True)
          (out_proj): Linear(in_features=1536, out_features=1536, bias=True)
        )
        (self_attn_layer_norm): FusedLayerNorm(torch.Size([1536]), eps=1e-05, elementwise_affine=True)
        (dropout_module): FairseqDropout()
        (activation_dropout_module): FairseqDropout()
        (fc1): Linear(in_features=1536, out_features=4096, bias=True)
        (fc2): Linear(in_features=4096, out_features=1536, bias=True)
        (final_layer_norm): FusedLayerNorm(torch.Size([1536]), eps=1e-05, elementwise_affine=True)
      )
    )
  )
  (decoder): TransformerDecoderBase(
    (dropout_module): FairseqDropout()
    (embed_tokens): Embedding(32088, 1536, padding_idx=1)
    (embed_positions): SinusoidalPositionalEmbedding()
    (layers): ModuleList(
      (0): TransformerDecoderLayerBase(
        (dropout_module): FairseqDropout()
        (self_attn): MultiheadAttention(
          (dropout_module): FairseqDropout()
          (k_proj): Linear(in_features=1536, out_features=1536, bias=True)
          (v_proj): Linear(in_features=1536, out_features=1536, bias=True)
          (q_proj): Linear(in_features=1536, out_features=1536, bias=True)
          (out_proj): Linear(in_features=1536, out_features=1536, bias=True)
        )
        (activation_dropout_module): FairseqDropout()
        (self_attn_layer_norm): FusedLayerNorm(torch.Size([1536]), eps=1e-05, elementwise_affine=True)
        (encoder_attn): MultiheadAttention(
          (dropout_module): FairseqDropout()
          (k_proj): Linear(in_features=1536, out_features=1536, bias=True)
          (v_proj): Linear(in_features=1536, out_features=1536, bias=True)
          (q_proj): Linear(in_features=1536, out_features=1536, bias=True)
          (out_proj): Linear(in_features=1536, out_features=1536, bias=True)
        )
        (encoder_attn_layer_norm): FusedLayerNorm(torch.Size([1536]), eps=1e-05, elementwise_affine=True)
        (fc1): Linear(in_features=1536, out_features=4096, bias=True)
        (fc2): Linear(in_features=4096, out_features=1536, bias=True)
        (final_layer_norm): FusedLayerNorm(torch.Size([1536]), eps=1e-05, elementwise_affine=True)
      )
      (1): TransformerDecoderLayerBase(
        (dropout_module): FairseqDropout()
        (self_attn): MultiheadAttention(
          (dropout_module): FairseqDropout()
          (k_proj): Linear(in_features=1536, out_features=1536, bias=True)
          (v_proj): Linear(in_features=1536, out_features=1536, bias=True)
          (q_proj): Linear(in_features=1536, out_features=1536, bias=True)
          (out_proj): Linear(in_features=1536, out_features=1536, bias=True)
        )
        (activation_dropout_module): FairseqDropout()
        (self_attn_layer_norm): FusedLayerNorm(torch.Size([1536]), eps=1e-05, elementwise_affine=True)
        (encoder_attn): MultiheadAttention(
          (dropout_module): FairseqDropout()
          (k_proj): Linear(in_features=1536, out_features=1536, bias=True)
          (v_proj): Linear(in_features=1536, out_features=1536, bias=True)
          (q_proj): Linear(in_features=1536, out_features=1536, bias=True)
          (out_proj): Linear(in_features=1536, out_features=1536, bias=True)
        )
        (encoder_attn_layer_norm): FusedLayerNorm(torch.Size([1536]), eps=1e-05, elementwise_affine=True)
        (fc1): Linear(in_features=1536, out_features=4096, bias=True)
        (fc2): Linear(in_features=4096, out_features=1536, bias=True)
        (final_layer_norm): FusedLayerNorm(torch.Size([1536]), eps=1e-05, elementwise_affine=True)
      )
      (2): TransformerDecoderLayerBase(
        (dropout_module): FairseqDropout()
        (self_attn): MultiheadAttention(
          (dropout_module): FairseqDropout()
          (k_proj): Linear(in_features=1536, out_features=1536, bias=True)
          (v_proj): Linear(in_features=1536, out_features=1536, bias=True)
          (q_proj): Linear(in_features=1536, out_features=1536, bias=True)
          (out_proj): Linear(in_features=1536, out_features=1536, bias=True)
        )
        (activation_dropout_module): FairseqDropout()
        (self_attn_layer_norm): FusedLayerNorm(torch.Size([1536]), eps=1e-05, elementwise_affine=True)
        (encoder_attn): MultiheadAttention(
          (dropout_module): FairseqDropout()
          (k_proj): Linear(in_features=1536, out_features=1536, bias=True)
          (v_proj): Linear(in_features=1536, out_features=1536, bias=True)
          (q_proj): Linear(in_features=1536, out_features=1536, bias=True)
          (out_proj): Linear(in_features=1536, out_features=1536, bias=True)
        )
        (encoder_attn_layer_norm): FusedLayerNorm(torch.Size([1536]), eps=1e-05, elementwise_affine=True)
        (fc1): Linear(in_features=1536, out_features=4096, bias=True)
        (fc2): Linear(in_features=4096, out_features=1536, bias=True)
        (final_layer_norm): FusedLayerNorm(torch.Size([1536]), eps=1e-05, elementwise_affine=True)
      )
      (3): TransformerDecoderLayerBase(
        (dropout_module): FairseqDropout()
        (self_attn): MultiheadAttention(
          (dropout_module): FairseqDropout()
          (k_proj): Linear(in_features=1536, out_features=1536, bias=True)
          (v_proj): Linear(in_features=1536, out_features=1536, bias=True)
          (q_proj): Linear(in_features=1536, out_features=1536, bias=True)
          (out_proj): Linear(in_features=1536, out_features=1536, bias=True)
        )
        (activation_dropout_module): FairseqDropout()
        (self_attn_layer_norm): FusedLayerNorm(torch.Size([1536]), eps=1e-05, elementwise_affine=True)
        (encoder_attn): MultiheadAttention(
          (dropout_module): FairseqDropout()
          (k_proj): Linear(in_features=1536, out_features=1536, bias=True)
          (v_proj): Linear(in_features=1536, out_features=1536, bias=True)
          (q_proj): Linear(in_features=1536, out_features=1536, bias=True)
          (out_proj): Linear(in_features=1536, out_features=1536, bias=True)
        )
        (encoder_attn_layer_norm): FusedLayerNorm(torch.Size([1536]), eps=1e-05, elementwise_affine=True)
        (fc1): Linear(in_features=1536, out_features=4096, bias=True)
        (fc2): Linear(in_features=4096, out_features=1536, bias=True)
        (final_layer_norm): FusedLayerNorm(torch.Size([1536]), eps=1e-05, elementwise_affine=True)
      )
      (4): TransformerDecoderLayerBase(
        (dropout_module): FairseqDropout()
        (self_attn): MultiheadAttention(
          (dropout_module): FairseqDropout()
          (k_proj): Linear(in_features=1536, out_features=1536, bias=True)
          (v_proj): Linear(in_features=1536, out_features=1536, bias=True)
          (q_proj): Linear(in_features=1536, out_features=1536, bias=True)
          (out_proj): Linear(in_features=1536, out_features=1536, bias=True)
        )
        (activation_dropout_module): FairseqDropout()
        (self_attn_layer_norm): FusedLayerNorm(torch.Size([1536]), eps=1e-05, elementwise_affine=True)
        (encoder_attn): MultiheadAttention(
          (dropout_module): FairseqDropout()
          (k_proj): Linear(in_features=1536, out_features=1536, bias=True)
          (v_proj): Linear(in_features=1536, out_features=1536, bias=True)
          (q_proj): Linear(in_features=1536, out_features=1536, bias=True)
          (out_proj): Linear(in_features=1536, out_features=1536, bias=True)
        )
        (encoder_attn_layer_norm): FusedLayerNorm(torch.Size([1536]), eps=1e-05, elementwise_affine=True)
        (fc1): Linear(in_features=1536, out_features=4096, bias=True)
        (fc2): Linear(in_features=4096, out_features=1536, bias=True)
        (final_layer_norm): FusedLayerNorm(torch.Size([1536]), eps=1e-05, elementwise_affine=True)
      )
      (5): TransformerDecoderLayerBase(
        (dropout_module): FairseqDropout()
        (self_attn): MultiheadAttention(
          (dropout_module): FairseqDropout()
          (k_proj): Linear(in_features=1536, out_features=1536, bias=True)
          (v_proj): Linear(in_features=1536, out_features=1536, bias=True)
          (q_proj): Linear(in_features=1536, out_features=1536, bias=True)
          (out_proj): Linear(in_features=1536, out_features=1536, bias=True)
        )
        (activation_dropout_module): FairseqDropout()
        (self_attn_layer_norm): FusedLayerNorm(torch.Size([1536]), eps=1e-05, elementwise_affine=True)
        (encoder_attn): MultiheadAttention(
          (dropout_module): FairseqDropout()
          (k_proj): Linear(in_features=1536, out_features=1536, bias=True)
          (v_proj): Linear(in_features=1536, out_features=1536, bias=True)
          (q_proj): Linear(in_features=1536, out_features=1536, bias=True)
          (out_proj): Linear(in_features=1536, out_features=1536, bias=True)
        )
        (encoder_attn_layer_norm): FusedLayerNorm(torch.Size([1536]), eps=1e-05, elementwise_affine=True)
        (fc1): Linear(in_features=1536, out_features=4096, bias=True)
        (fc2): Linear(in_features=4096, out_features=1536, bias=True)
        (final_layer_norm): FusedLayerNorm(torch.Size([1536]), eps=1e-05, elementwise_affine=True)
      )
    )
    (output_projection): Linear(in_features=1536, out_features=32088, bias=False)
  )
) from checkpoints/indicTrans/checkpoint_best.pt in evaluation mode
2022-10-28 11:11:15 | INFO | fairseq.data.iterators | grouped total_num_itrs = 16028
2022-10-28 11:11:23 | INFO | fairseq.trainer | begin training epoch 1
2022-10-28 11:11:23 | INFO | fairseq_cli.train | Start iterating over samples
2022-10-28 11:12:18 | WARNING | urllib3.connectionpool | Retrying (Retry(total=2, connect=None, read=None, redirect=None, status=None)) after connection broken by 'ProxyError('Cannot connect to proxy.', OSError('Tunnel connection failed: 403 Forbidden'))': /api/5288891/envelope/
2022-10-28 11:12:18 | WARNING | urllib3.connectionpool | Retrying (Retry(total=1, connect=None, read=None, redirect=None, status=None)) after connection broken by 'ProxyError('Cannot connect to proxy.', OSError('Tunnel connection failed: 403 Forbidden'))': /api/5288891/envelope/
2022-10-28 11:12:18 | WARNING | urllib3.connectionpool | Retrying (Retry(total=0, connect=None, read=None, redirect=None, status=None)) after connection broken by 'ProxyError('Cannot connect to proxy.', OSError('Tunnel connection failed: 403 Forbidden'))': /api/5288891/envelope/
